2019-04-06 11:16:19,088  INFO [main] zoopla:35 - Properties file loaded
2019-04-06 11:22:23,247  INFO [main] zoopla:35 - Properties file loaded
2019-04-06 11:22:36,419  INFO [main] zoopla:54 - Chrome Browser opened
2019-04-06 11:22:36,442  INFO [main] zoopla:35 - Properties file loaded
2019-04-06 11:22:36,443  INFO [main] zoopla:66 - Listener initialized
2019-04-06 11:23:29,789  INFO [main] zoopla:35 - Properties file loaded
2019-04-06 11:23:32,858  INFO [main] zoopla:54 - Chrome Browser opened
2019-04-06 11:23:32,925  INFO [main] zoopla:35 - Properties file loaded
2019-04-06 11:23:32,926  INFO [main] zoopla:66 - Listener initialized
2019-04-06 11:23:37,014  INFO [main] zoopla:72 - Opening URL
2019-04-06 11:26:22,367  INFO [main] zoopla:35 - Properties file loaded
2019-04-06 11:26:25,211  INFO [main] zoopla:54 - Chrome Browser opened
2019-04-06 11:26:25,252  INFO [main] zoopla:35 - Properties file loaded
2019-04-06 11:26:25,253  INFO [main] zoopla:66 - Listener initialized
2019-04-06 11:26:32,581  INFO [main] zoopla:72 - Opening URL
2019-04-06 11:26:32,588  INFO [main] zoopla:35 - Properties file loaded
2019-04-06 11:27:23,955  INFO [main] zoopla:35 - Properties file loaded
2019-04-06 11:27:26,817  INFO [main] zoopla:54 - Chrome Browser opened
2019-04-06 11:27:26,832  INFO [main] zoopla:35 - Properties file loaded
2019-04-06 11:27:26,833  INFO [main] zoopla:66 - Listener initialized
2019-04-06 11:27:40,236  INFO [main] zoopla:72 - Opening URL
2019-04-06 11:27:40,245  INFO [main] zoopla:35 - Properties file loaded
2019-04-06 12:13:09,214  INFO [main] zoopla:35 - Properties file loaded
2019-04-06 12:13:23,678  INFO [main] zoopla:54 - Chrome Browser opened
2019-04-06 12:13:23,744  INFO [main] zoopla:35 - Properties file loaded
2019-04-06 12:13:23,745  INFO [main] zoopla:66 - Listener initialized
2019-04-06 12:13:34,563  INFO [main] zoopla:72 - Opening URL
2019-04-06 12:13:34,571  INFO [main] zoopla:35 - Properties file loaded
2019-04-06 12:13:55,236  INFO [main] zoopla:35 - Properties file loaded
2019-04-06 12:36:55,094  INFO [main] zoopla:35 - Properties file loaded
2019-04-06 12:36:58,528  INFO [main] zoopla:54 - Chrome Browser opened
2019-04-06 12:36:58,550  INFO [main] zoopla:35 - Properties file loaded
2019-04-06 12:36:58,550  INFO [main] zoopla:66 - Listener initialized
2019-04-06 12:37:12,206  INFO [main] zoopla:72 - Opening URL
2019-04-06 12:37:12,217  INFO [main] zoopla:35 - Properties file loaded
2019-04-06 12:37:30,510  INFO [main] zoopla:35 - Properties file loaded
2019-04-06 12:48:42,988  INFO [main] zoopla:35 - Properties file loaded
2019-04-06 12:48:45,712  INFO [main] zoopla:54 - Chrome Browser opened
2019-04-06 12:48:45,731  INFO [main] zoopla:35 - Properties file loaded
2019-04-06 12:48:45,732  INFO [main] zoopla:66 - Listener initialized
2019-04-06 12:48:49,482  INFO [main] zoopla:72 - Opening URL
2019-04-06 12:48:49,491  INFO [main] zoopla:35 - Properties file loaded
2019-04-06 12:49:16,110  INFO [main] zoopla:35 - Properties file loaded
2019-04-06 12:49:18,854  INFO [main] zoopla:54 - Chrome Browser opened
2019-04-06 12:49:18,871  INFO [main] zoopla:35 - Properties file loaded
2019-04-06 12:49:18,871  INFO [main] zoopla:66 - Listener initialized
2019-04-06 12:49:21,656  INFO [main] zoopla:72 - Opening URL
2019-04-06 12:49:21,667  INFO [main] zoopla:35 - Properties file loaded
2019-04-06 12:50:00,569  INFO [main] zoopla:35 - Properties file loaded
2019-04-06 12:50:03,518  INFO [main] zoopla:54 - Chrome Browser opened
2019-04-06 12:50:03,536  INFO [main] zoopla:35 - Properties file loaded
2019-04-06 12:50:03,537  INFO [main] zoopla:66 - Listener initialized
2019-04-06 12:50:12,608  INFO [main] zoopla:72 - Opening URL
2019-04-06 12:50:12,618  INFO [main] zoopla:35 - Properties file loaded
2019-04-06 12:50:18,581  INFO [main] zoopla:35 - Properties file loaded
2019-04-06 13:13:12,292  INFO [main] zoopla:35 - Properties file loaded
2019-04-06 13:13:16,588  INFO [main] zoopla:54 - Chrome Browser opened
2019-04-06 13:13:16,610  INFO [main] zoopla:35 - Properties file loaded
2019-04-06 13:13:16,611  INFO [main] zoopla:66 - Listener initialized
2019-04-06 13:13:26,375  INFO [main] zoopla:72 - Opening URL
2019-04-06 13:13:26,383  INFO [main] zoopla:35 - Properties file loaded
2019-04-06 13:13:42,402  INFO [main] zoopla:35 - Properties file loaded
2019-04-06 13:18:42,595  INFO [main] zoopla:35 - Properties file loaded
2019-04-06 13:18:45,457  INFO [main] zoopla:54 - Chrome Browser opened
2019-04-06 13:18:45,477  INFO [main] zoopla:35 - Properties file loaded
2019-04-06 13:18:45,477  INFO [main] zoopla:66 - Listener initialized
2019-04-06 13:18:53,224  INFO [main] zoopla:72 - Opening URL
2019-04-06 13:18:53,245  INFO [main] zoopla:35 - Properties file loaded
2019-04-06 13:19:26,585  INFO [main] zoopla:35 - Properties file loaded
2019-04-06 13:19:31,265  INFO [main] zoopla:54 - Chrome Browser opened
2019-04-06 13:19:31,286  INFO [main] zoopla:35 - Properties file loaded
2019-04-06 13:19:31,287  INFO [main] zoopla:66 - Listener initialized
2019-04-06 13:19:40,383  INFO [main] zoopla:72 - Opening URL
2019-04-06 13:19:40,392  INFO [main] zoopla:35 - Properties file loaded
2019-04-06 13:19:53,304  INFO [main] zoopla:35 - Properties file loaded
2019-04-06 13:22:39,404  INFO [main] zoopla:35 - Properties file loaded
2019-04-06 13:22:42,263  INFO [main] zoopla:54 - Chrome Browser opened
2019-04-06 13:22:42,279  INFO [main] zoopla:35 - Properties file loaded
2019-04-06 13:22:42,279  INFO [main] zoopla:66 - Listener initialized
2019-04-06 13:22:45,539  INFO [main] zoopla:72 - Opening URL
2019-04-06 13:22:45,550  INFO [main] zoopla:35 - Properties file loaded
2019-04-06 13:23:04,701  INFO [main] zoopla:35 - Properties file loaded
2019-04-06 13:25:55,831  INFO [main] zoopla:35 - Properties file loaded
2019-04-06 13:26:00,714  INFO [main] zoopla:54 - Chrome Browser opened
2019-04-06 13:26:00,739  INFO [main] zoopla:35 - Properties file loaded
2019-04-06 13:26:00,739  INFO [main] zoopla:66 - Listener initialized
2019-04-06 13:26:09,489  INFO [main] zoopla:72 - Opening URL
2019-04-06 13:26:09,497  INFO [main] zoopla:35 - Properties file loaded
2019-04-06 13:26:24,259  INFO [main] zoopla:35 - Properties file loaded
2019-04-06 13:29:14,927  INFO [main] zoopla:35 - Properties file loaded
2019-04-06 13:29:18,699  INFO [main] zoopla:54 - Chrome Browser opened
2019-04-06 13:29:18,718  INFO [main] zoopla:35 - Properties file loaded
2019-04-06 13:29:18,719  INFO [main] zoopla:66 - Listener initialized
2019-04-06 13:29:29,743  INFO [main] zoopla:72 - Opening URL
2019-04-06 13:29:29,750  INFO [main] zoopla:35 - Properties file loaded
2019-04-06 13:29:43,102  INFO [main] zoopla:35 - Properties file loaded
2019-04-06 13:41:14,064  INFO [main] zoopla:35 - Properties file loaded
2019-04-06 13:41:18,218  INFO [main] zoopla:54 - Chrome Browser opened
2019-04-06 13:41:18,238  INFO [main] zoopla:35 - Properties file loaded
2019-04-06 13:41:18,239  INFO [main] zoopla:66 - Listener initialized
2019-04-06 13:41:25,220  INFO [main] zoopla:72 - Opening URL
2019-04-06 13:41:25,230  INFO [main] zoopla:35 - Properties file loaded
2019-04-06 13:41:54,958  INFO [main] zoopla:35 - Properties file loaded
2019-04-06 13:41:59,015  INFO [main] zoopla:54 - Chrome Browser opened
2019-04-06 13:41:59,037  INFO [main] zoopla:35 - Properties file loaded
2019-04-06 13:41:59,037  INFO [main] zoopla:66 - Listener initialized
2019-04-06 13:42:06,434  INFO [main] zoopla:72 - Opening URL
2019-04-06 13:42:06,448  INFO [main] zoopla:35 - Properties file loaded
2019-04-06 13:42:12,226  INFO [main] zoopla:35 - Properties file loaded
2019-04-06 13:48:08,200  INFO [main] zoopla:35 - Properties file loaded
2019-04-06 13:48:12,634  INFO [main] zoopla:54 - Chrome Browser opened
2019-04-06 13:48:12,653  INFO [main] zoopla:35 - Properties file loaded
2019-04-06 13:48:12,654  INFO [main] zoopla:66 - Listener initialized
2019-04-06 13:48:26,940  INFO [main] zoopla:72 - Opening URL
2019-04-06 13:48:26,953  INFO [main] zoopla:35 - Properties file loaded
2019-04-06 13:48:43,509  INFO [main] zoopla:35 - Properties file loaded
2019-04-06 13:50:09,041  INFO [main] zoopla:35 - Properties file loaded
2019-04-06 13:50:13,438  INFO [main] zoopla:54 - Chrome Browser opened
2019-04-06 13:50:13,459  INFO [main] zoopla:35 - Properties file loaded
2019-04-06 13:50:13,459  INFO [main] zoopla:66 - Listener initialized
2019-04-06 13:50:23,765  INFO [main] zoopla:72 - Opening URL
2019-04-06 13:50:23,778  INFO [main] zoopla:35 - Properties file loaded
2019-04-06 13:50:40,789  INFO [main] zoopla:35 - Properties file loaded
2019-04-06 13:54:42,805  INFO [main] zoopla:35 - Properties file loaded
2019-04-06 13:54:45,751  INFO [main] zoopla:54 - Chrome Browser opened
2019-04-06 13:54:45,770  INFO [main] zoopla:35 - Properties file loaded
2019-04-06 13:54:45,771  INFO [main] zoopla:66 - Listener initialized
2019-04-06 13:54:55,431  INFO [main] zoopla:72 - Opening URL
2019-04-06 13:54:55,439  INFO [main] zoopla:35 - Properties file loaded
2019-04-06 13:55:23,003  INFO [main] zoopla:35 - Properties file loaded
2019-04-06 13:55:27,100  INFO [main] zoopla:54 - Chrome Browser opened
2019-04-06 13:55:27,118  INFO [main] zoopla:35 - Properties file loaded
2019-04-06 13:55:27,119  INFO [main] zoopla:66 - Listener initialized
2019-04-06 13:55:34,389  INFO [main] zoopla:72 - Opening URL
2019-04-06 13:55:34,406  INFO [main] zoopla:35 - Properties file loaded
2019-04-06 13:55:47,421  INFO [main] zoopla:35 - Properties file loaded
2019-04-06 14:04:18,152  INFO [main] zoopla:35 - Properties file loaded
2019-04-06 14:04:20,955  INFO [main] zoopla:54 - Chrome Browser opened
2019-04-06 14:04:20,973  INFO [main] zoopla:35 - Properties file loaded
2019-04-06 14:04:20,974  INFO [main] zoopla:66 - Listener initialized
2019-04-06 14:04:30,382  INFO [main] zoopla:72 - Opening URL
2019-04-06 14:04:30,394  INFO [main] zoopla:35 - Properties file loaded
2019-04-06 14:04:58,338  INFO [main] zoopla:35 - Properties file loaded
2019-04-06 14:05:02,967  INFO [main] zoopla:54 - Chrome Browser opened
2019-04-06 14:05:02,986  INFO [main] zoopla:35 - Properties file loaded
2019-04-06 14:05:02,987  INFO [main] zoopla:66 - Listener initialized
2019-04-06 14:05:11,460  INFO [main] zoopla:72 - Opening URL
2019-04-06 14:05:11,474  INFO [main] zoopla:35 - Properties file loaded
2019-04-06 14:05:40,249  INFO [main] zoopla:35 - Properties file loaded
2019-04-06 14:05:44,587  INFO [main] zoopla:54 - Chrome Browser opened
2019-04-06 14:05:44,610  INFO [main] zoopla:35 - Properties file loaded
2019-04-06 14:05:44,611  INFO [main] zoopla:66 - Listener initialized
2019-04-06 14:05:55,594  INFO [main] zoopla:72 - Opening URL
2019-04-06 14:05:55,606  INFO [main] zoopla:35 - Properties file loaded
2019-04-06 14:09:44,478  INFO [main] zoopla:35 - Properties file loaded
2019-04-06 14:09:47,263  INFO [main] zoopla:54 - Chrome Browser opened
2019-04-06 14:09:47,283  INFO [main] zoopla:35 - Properties file loaded
2019-04-06 14:09:47,283  INFO [main] zoopla:66 - Listener initialized
2019-04-06 14:09:54,864  INFO [main] zoopla:72 - Opening URL
2019-04-06 14:09:54,876  INFO [main] zoopla:35 - Properties file loaded
2019-04-06 14:10:08,696  INFO [main] zoopla:35 - Properties file loaded
2019-04-06 14:27:37,361  INFO [main] zoopla:35 - Properties file loaded
2019-04-06 14:27:40,241  INFO [main] zoopla:54 - Chrome Browser opened
2019-04-06 14:27:40,255  INFO [main] zoopla:35 - Properties file loaded
2019-04-06 14:27:40,256  INFO [main] zoopla:66 - Listener initialized
2019-04-06 14:27:43,456  INFO [main] zoopla:72 - Opening URL
2019-04-06 14:27:43,464  INFO [main] zoopla:35 - Properties file loaded
2019-04-06 14:28:01,784  INFO [main] zoopla:35 - Properties file loaded
2019-04-06 14:34:38,448  INFO [main] zoopla:35 - Properties file loaded
2019-04-06 14:34:41,351  INFO [main] zoopla:54 - Chrome Browser opened
2019-04-06 14:34:41,371  INFO [main] zoopla:35 - Properties file loaded
2019-04-06 14:34:41,371  INFO [main] zoopla:66 - Listener initialized
2019-04-06 14:34:45,047  INFO [main] zoopla:72 - Opening URL
2019-04-06 14:34:45,057  INFO [main] zoopla:35 - Properties file loaded
2019-04-06 14:35:01,359  INFO [main] zoopla:35 - Properties file loaded
2019-04-06 14:36:22,470  INFO [main] zoopla:35 - Properties file loaded
2019-04-06 14:36:25,384  INFO [main] zoopla:54 - Chrome Browser opened
2019-04-06 14:36:25,405  INFO [main] zoopla:35 - Properties file loaded
2019-04-06 14:36:25,406  INFO [main] zoopla:66 - Listener initialized
2019-04-06 14:36:36,427  INFO [main] zoopla:72 - Opening URL
2019-04-06 14:36:36,446  INFO [main] zoopla:35 - Properties file loaded
2019-04-06 14:36:47,365  INFO [main] zoopla:35 - Properties file loaded
2019-04-09 19:48:48,931  INFO [main] zoopla:35 - Properties file loaded
2020-03-02 16:42:32,689 ERROR [main] flipkart:39 - Properties file not found
2020-03-02 17:00:34,591  INFO [main] flipkart:35 - Properties file loaded
2020-03-02 17:01:12,834  INFO [main] flipkart:54 - Chrome Browser opened
2020-03-02 17:01:12,849  INFO [main] flipkart:35 - Properties file loaded
2020-03-02 17:01:12,849  INFO [main] flipkart:66 - Listener initialized
2020-03-02 17:01:15,149  INFO [main] flipkart:72 - Opening URL
2020-03-02 17:01:22,432  INFO [main] flipkart:54 - Chrome Browser opened
2020-03-02 17:01:22,432  INFO [main] flipkart:35 - Properties file loaded
2020-03-02 17:01:22,433  INFO [main] flipkart:66 - Listener initialized
2020-03-02 17:01:27,025  INFO [main] flipkart:72 - Opening URL
2020-03-02 17:44:26,881  INFO [main] flipkart:35 - Properties file loaded
2020-03-02 17:44:33,968  INFO [main] flipkart:54 - Chrome Browser opened
2020-03-02 17:44:34,031  INFO [main] flipkart:35 - Properties file loaded
2020-03-02 17:44:34,032  INFO [main] flipkart:66 - Listener initialized
2020-03-02 17:44:39,915  INFO [main] flipkart:72 - Opening URL
2020-03-02 17:44:40,105  INFO [main] flipkart:35 - Properties file loaded
2020-03-02 18:06:28,159  INFO [main] flipkart:35 - Properties file loaded
2020-03-02 18:06:39,619  INFO [main] flipkart:54 - Chrome Browser opened
2020-03-02 18:06:39,768  INFO [main] flipkart:35 - Properties file loaded
2020-03-02 18:06:39,769  INFO [main] flipkart:66 - Listener initialized
2020-03-02 18:06:41,567  INFO [main] flipkart:72 - Opening URL
2020-03-02 18:06:41,612  INFO [main] flipkart:35 - Properties file loaded
2020-03-02 18:10:08,480  INFO [main] flipkart:35 - Properties file loaded
2020-03-02 18:10:22,110  INFO [main] flipkart:54 - Chrome Browser opened
2020-03-02 18:10:22,210  INFO [main] flipkart:35 - Properties file loaded
2020-03-02 18:10:22,211  INFO [main] flipkart:66 - Listener initialized
2020-03-02 18:10:25,414  INFO [main] flipkart:72 - Opening URL
2020-03-02 18:10:25,741  INFO [main] flipkart:35 - Properties file loaded
2020-03-02 18:16:20,117  INFO [main] flipkart:35 - Properties file loaded
2020-03-02 18:16:22,990  INFO [main] flipkart:54 - Chrome Browser opened
2020-03-02 18:16:23,006  INFO [main] flipkart:35 - Properties file loaded
2020-03-02 18:16:23,006  INFO [main] flipkart:66 - Listener initialized
2020-03-02 18:16:24,627  INFO [main] flipkart:72 - Opening URL
2020-03-02 18:16:24,646  INFO [main] flipkart:35 - Properties file loaded
2020-03-02 18:17:24,568  INFO [main] flipkart:35 - Properties file loaded
2020-03-02 18:17:35,801  INFO [main] flipkart:54 - Chrome Browser opened
2020-03-02 18:17:35,826  INFO [main] flipkart:35 - Properties file loaded
2020-03-02 18:17:35,826  INFO [main] flipkart:66 - Listener initialized
2020-03-02 18:17:37,472  INFO [main] flipkart:72 - Opening URL
2020-03-02 18:17:37,487  INFO [main] flipkart:35 - Properties file loaded
2020-03-02 18:19:26,427  INFO [main] flipkart:35 - Properties file loaded
2020-03-02 18:19:29,653  INFO [main] flipkart:54 - Chrome Browser opened
2020-03-02 18:19:29,675  INFO [main] flipkart:35 - Properties file loaded
2020-03-02 18:19:29,676  INFO [main] flipkart:66 - Listener initialized
2020-03-02 18:19:31,347  INFO [main] flipkart:72 - Opening URL
2020-03-02 18:19:31,368  INFO [main] flipkart:35 - Properties file loaded
2020-03-02 18:20:29,276  INFO [main] flipkart:35 - Properties file loaded
2020-03-02 18:20:36,152  INFO [main] flipkart:54 - Chrome Browser opened
2020-03-02 18:20:36,178  INFO [main] flipkart:35 - Properties file loaded
2020-03-02 18:20:36,178  INFO [main] flipkart:66 - Listener initialized
2020-03-02 18:20:41,267  INFO [main] flipkart:72 - Opening URL
2020-03-02 18:20:41,422  INFO [main] flipkart:35 - Properties file loaded
2020-03-02 18:25:57,574  INFO [main] flipkart:35 - Properties file loaded
2020-03-02 18:26:00,285  INFO [main] flipkart:54 - Chrome Browser opened
2020-03-02 18:26:00,305  INFO [main] flipkart:35 - Properties file loaded
2020-03-02 18:26:00,305  INFO [main] flipkart:66 - Listener initialized
2020-03-02 18:26:01,813  INFO [main] flipkart:72 - Opening URL
2020-03-02 18:26:01,829  INFO [main] flipkart:35 - Properties file loaded
2020-03-02 18:26:20,650  INFO [main] flipkart:35 - Properties file loaded
2020-03-02 18:26:26,379  INFO [main] flipkart:54 - Chrome Browser opened
2020-03-02 18:26:26,405  INFO [main] flipkart:35 - Properties file loaded
2020-03-02 18:26:26,405  INFO [main] flipkart:66 - Listener initialized
2020-03-02 18:26:28,879  INFO [main] flipkart:72 - Opening URL
2020-03-02 18:26:28,899  INFO [main] flipkart:35 - Properties file loaded
2020-03-02 18:36:20,281  INFO [main] flipkart:35 - Properties file loaded
2020-03-02 18:36:22,963  INFO [main] flipkart:54 - Chrome Browser opened
2020-03-02 18:36:22,989  INFO [main] flipkart:35 - Properties file loaded
2020-03-02 18:36:22,990  INFO [main] flipkart:66 - Listener initialized
2020-03-02 18:36:24,542  INFO [main] flipkart:72 - Opening URL
2020-03-02 18:36:24,559  INFO [main] flipkart:35 - Properties file loaded
2020-03-02 18:38:54,555  INFO [main] flipkart:35 - Properties file loaded
2020-03-02 18:39:01,629  INFO [main] flipkart:54 - Chrome Browser opened
2020-03-02 18:39:01,658  INFO [main] flipkart:35 - Properties file loaded
2020-03-02 18:39:01,658  INFO [main] flipkart:66 - Listener initialized
2020-03-02 18:39:04,231  INFO [main] flipkart:72 - Opening URL
2020-03-02 18:39:04,249  INFO [main] flipkart:35 - Properties file loaded
2020-03-02 18:55:14,743  INFO [main] flipkart:35 - Properties file loaded
2020-03-02 18:55:17,441  INFO [main] flipkart:54 - Chrome Browser opened
2020-03-02 18:55:17,471  INFO [main] flipkart:35 - Properties file loaded
2020-03-02 18:55:17,472  INFO [main] flipkart:66 - Listener initialized
2020-03-02 18:55:23,313  INFO [main] flipkart:72 - Opening URL
2020-03-02 18:55:23,333  INFO [main] flipkart:35 - Properties file loaded
2020-03-02 18:55:50,756  INFO [main] flipkart:35 - Properties file loaded
2020-03-02 18:55:53,603  INFO [main] flipkart:54 - Chrome Browser opened
2020-03-02 18:55:53,631  INFO [main] flipkart:35 - Properties file loaded
2020-03-02 18:55:53,632  INFO [main] flipkart:66 - Listener initialized
2020-03-02 18:55:54,976  INFO [main] flipkart:72 - Opening URL
2020-03-02 18:55:54,990  INFO [main] flipkart:35 - Properties file loaded
2020-03-02 19:04:04,010  INFO [main] flipkart:35 - Properties file loaded
2020-03-02 19:04:11,923  INFO [main] flipkart:54 - Chrome Browser opened
2020-03-02 19:04:11,947  INFO [main] flipkart:35 - Properties file loaded
2020-03-02 19:04:11,947  INFO [main] flipkart:66 - Listener initialized
2020-03-02 19:04:13,009  INFO [main] flipkart:72 - Opening URL
2020-03-02 19:04:13,027  INFO [main] flipkart:35 - Properties file loaded
2020-03-02 19:04:44,746  INFO [main] flipkart:35 - Properties file loaded
2020-03-02 19:04:47,676  INFO [main] flipkart:54 - Chrome Browser opened
2020-03-02 19:04:47,696  INFO [main] flipkart:35 - Properties file loaded
2020-03-02 19:04:47,696  INFO [main] flipkart:66 - Listener initialized
2020-03-02 19:04:49,144  INFO [main] flipkart:72 - Opening URL
2020-03-02 19:04:49,156  INFO [main] flipkart:35 - Properties file loaded
2020-03-02 19:10:40,546  INFO [main] flipkart:35 - Properties file loaded
2020-03-02 19:10:45,984  INFO [main] flipkart:54 - Chrome Browser opened
2020-03-02 19:10:46,033  INFO [main] flipkart:35 - Properties file loaded
2020-03-02 19:10:46,034  INFO [main] flipkart:66 - Listener initialized
2020-03-02 19:10:50,384  INFO [main] flipkart:72 - Opening URL
2020-03-02 19:10:50,400  INFO [main] flipkart:35 - Properties file loaded
2020-03-02 19:11:13,471  INFO [main] flipkart:35 - Properties file loaded
2020-03-02 19:15:45,459  INFO [main] flipkart:35 - Properties file loaded
2020-03-02 19:15:48,587  INFO [main] flipkart:54 - Chrome Browser opened
2020-03-02 19:15:48,608  INFO [main] flipkart:35 - Properties file loaded
2020-03-02 19:15:48,609  INFO [main] flipkart:66 - Listener initialized
2020-03-02 19:15:49,841  INFO [main] flipkart:72 - Opening URL
2020-03-02 19:15:49,859  INFO [main] flipkart:35 - Properties file loaded
2020-03-02 19:16:09,729  INFO [main] flipkart:35 - Properties file loaded
2020-03-02 19:23:24,111  INFO [main] flipkart:35 - Properties file loaded
2020-03-02 19:23:26,908  INFO [main] flipkart:54 - Chrome Browser opened
2020-03-02 19:23:26,930  INFO [main] flipkart:35 - Properties file loaded
2020-03-02 19:23:26,930  INFO [main] flipkart:66 - Listener initialized
2020-03-02 19:23:28,151  INFO [main] flipkart:72 - Opening URL
2020-03-02 19:23:28,164  INFO [main] flipkart:35 - Properties file loaded
2020-03-02 19:23:28,298  INFO [main] flipkart:38 - Keyword Flipkart Entered
2020-03-02 19:23:45,856  INFO [main] flipkart:48 - Flipkart site opened
2020-03-02 19:23:48,081  INFO [main] flipkart:35 - Properties file loaded
2020-03-03 11:02:08,959  INFO [main] flipkart:35 - Properties file loaded
2020-03-03 11:02:24,208  INFO [main] flipkart:54 - Chrome Browser opened
2020-03-03 11:02:24,292  INFO [main] flipkart:35 - Properties file loaded
2020-03-03 11:02:24,292  INFO [main] flipkart:66 - Listener initialized
2020-03-03 11:02:26,366  INFO [main] flipkart:72 - Opening URL
2020-03-03 11:02:26,400  INFO [main] flipkart:35 - Properties file loaded
2020-03-03 11:02:26,929  INFO [main] flipkart:40 - Keyword Flipkart Entered
2020-03-03 11:02:44,638  INFO [main] flipkart:50 - Enter button Pressed
2020-03-03 11:02:51,410  INFO [main] flipkart:58 - Flipkart site opened
2020-03-03 11:02:51,411  INFO [main] flipkart:35 - Properties file loaded
2020-03-03 11:02:51,709  INFO [main] flipkart:61 - Login pop-up closed
2020-03-03 11:02:51,801  INFO [main] flipkart:68 - clicked on TV & Applications category
2020-03-03 11:02:51,833  INFO [main] flipkart:35 - Properties file loaded
2020-03-03 11:04:12,684  INFO [main] flipkart:35 - Properties file loaded
2020-03-03 11:04:15,436  INFO [main] flipkart:54 - Chrome Browser opened
2020-03-03 11:04:15,455  INFO [main] flipkart:35 - Properties file loaded
2020-03-03 11:04:15,456  INFO [main] flipkart:66 - Listener initialized
2020-03-03 11:04:16,823  INFO [main] flipkart:72 - Opening URL
2020-03-03 11:04:16,839  INFO [main] flipkart:35 - Properties file loaded
2020-03-03 11:04:16,990  INFO [main] flipkart:40 - Keyword Flipkart Entered
2020-03-03 11:04:34,533  INFO [main] flipkart:50 - Enter button Pressed
2020-03-03 11:04:40,145  INFO [main] flipkart:58 - Flipkart site opened
2020-03-03 11:04:40,146  INFO [main] flipkart:35 - Properties file loaded
2020-03-03 11:04:40,233  INFO [main] flipkart:61 - Login pop-up closed
2020-03-03 11:04:40,311  INFO [main] flipkart:68 - clicked on TV & Applications category
2020-03-03 11:04:40,586  INFO [main] flipkart:35 - Properties file loaded
2020-03-03 11:37:51,356  INFO [main] flipkart:35 - Properties file loaded
2020-03-03 11:37:54,208  INFO [main] flipkart:54 - Chrome Browser opened
2020-03-03 11:37:54,230  INFO [main] flipkart:35 - Properties file loaded
2020-03-03 11:37:54,231  INFO [main] flipkart:66 - Listener initialized
2020-03-03 11:37:55,642  INFO [main] flipkart:72 - Opening URL
2020-03-03 11:37:55,663  INFO [main] flipkart:35 - Properties file loaded
2020-03-03 11:37:55,795  INFO [main] flipkart:42 - Keyword Flipkart Entered
2020-03-03 11:38:13,347  INFO [main] flipkart:52 - Enter button Pressed
2020-03-03 11:38:15,153  INFO [main] flipkart:60 - Flipkart site opened
2020-03-03 11:38:15,153  INFO [main] flipkart:35 - Properties file loaded
2020-03-03 11:38:15,315  INFO [main] flipkart:63 - Login pop-up closed
2020-03-03 11:38:15,438  INFO [main] flipkart:70 - clicked on TV & Applications category
2020-03-03 11:38:15,709  INFO [main] flipkart:35 - Properties file loaded
2020-03-03 11:38:17,516  INFO [main] flipkart:35 - Properties file loaded
2020-03-03 11:43:44,900  INFO [main] flipkart:35 - Properties file loaded
2020-03-03 11:43:50,760  INFO [main] flipkart:54 - Chrome Browser opened
2020-03-03 11:43:50,788  INFO [main] flipkart:35 - Properties file loaded
2020-03-03 11:43:50,788  INFO [main] flipkart:66 - Listener initialized
2020-03-03 11:43:55,378  INFO [main] flipkart:72 - Opening URL
2020-03-03 11:43:55,396  INFO [main] flipkart:35 - Properties file loaded
2020-03-03 11:43:55,568  INFO [main] flipkart:42 - Keyword Flipkart Entered
2020-03-03 11:44:13,110  INFO [main] flipkart:52 - Enter button Pressed
2020-03-03 11:44:15,047  INFO [main] flipkart:60 - Flipkart site opened
2020-03-03 11:44:15,048  INFO [main] flipkart:35 - Properties file loaded
2020-03-03 11:44:17,156  INFO [main] flipkart:64 - Login pop-up closed
2020-03-03 11:44:19,252  INFO [main] flipkart:72 - clicked on TV & Applications category
2020-03-03 11:44:21,353  INFO [main] flipkart:35 - Properties file loaded
2020-03-03 11:44:27,851  INFO [main] flipkart:35 - Properties file loaded
2020-03-03 11:45:22,127  INFO [main] flipkart:35 - Properties file loaded
2020-03-03 11:45:25,101  INFO [main] flipkart:54 - Chrome Browser opened
2020-03-03 11:45:25,117  INFO [main] flipkart:35 - Properties file loaded
2020-03-03 11:45:25,117  INFO [main] flipkart:66 - Listener initialized
2020-03-03 11:45:27,885  INFO [main] flipkart:72 - Opening URL
2020-03-03 11:45:27,900  INFO [main] flipkart:35 - Properties file loaded
2020-03-03 11:45:28,066  INFO [main] flipkart:42 - Keyword Flipkart Entered
2020-03-03 11:45:33,685  INFO [main] flipkart:52 - Enter button Pressed
2020-03-03 11:45:36,293  INFO [main] flipkart:60 - Flipkart site opened
2020-03-03 11:45:36,294  INFO [main] flipkart:35 - Properties file loaded
2020-03-03 11:45:38,410  INFO [main] flipkart:64 - Login pop-up closed
2020-03-03 11:45:40,470  INFO [main] flipkart:72 - clicked on TV & Applications category
2020-03-03 11:45:42,559  INFO [main] flipkart:35 - Properties file loaded
2020-03-03 11:45:49,025  INFO [main] flipkart:35 - Properties file loaded
2020-03-03 11:51:37,336  INFO [main] flipkart:35 - Properties file loaded
2020-03-03 11:51:41,144  INFO [main] flipkart:54 - Chrome Browser opened
2020-03-03 11:51:41,167  INFO [main] flipkart:35 - Properties file loaded
2020-03-03 11:51:41,168  INFO [main] flipkart:66 - Listener initialized
2020-03-03 11:51:45,603  INFO [main] flipkart:72 - Opening URL
2020-03-03 11:51:45,621  INFO [main] flipkart:35 - Properties file loaded
2020-03-03 11:51:45,747  INFO [main] flipkart:42 - Keyword Flipkart Entered
2020-03-03 11:52:03,296  INFO [main] flipkart:52 - Enter button Pressed
2020-03-03 11:52:05,183  INFO [main] flipkart:60 - Flipkart site opened
2020-03-03 11:52:05,184  INFO [main] flipkart:35 - Properties file loaded
2020-03-03 11:52:07,280  INFO [main] flipkart:64 - Login pop-up closed
2020-03-03 11:52:09,360  INFO [main] flipkart:72 - clicked on TV & Applications category
2020-03-03 11:52:11,480  INFO [main] flipkart:35 - Properties file loaded
2020-03-03 11:52:17,927  INFO [main] flipkart:35 - Properties file loaded
2020-03-03 12:05:20,523  INFO [main] flipkart:35 - Properties file loaded
2020-03-03 12:05:23,928  INFO [main] flipkart:54 - Chrome Browser opened
2020-03-03 12:05:23,959  INFO [main] flipkart:35 - Properties file loaded
2020-03-03 12:05:23,960  INFO [main] flipkart:66 - Listener initialized
2020-03-03 12:05:26,664  INFO [main] flipkart:72 - Opening URL
2020-03-03 12:05:26,678  INFO [main] flipkart:35 - Properties file loaded
2020-03-03 12:05:26,831  INFO [main] flipkart:42 - Keyword Flipkart Entered
2020-03-03 12:05:44,460  INFO [main] flipkart:52 - Enter button Pressed
2020-03-03 12:05:46,276  INFO [main] flipkart:60 - Flipkart site opened
2020-03-03 12:05:46,276  INFO [main] flipkart:35 - Properties file loaded
2020-03-03 12:05:48,389  INFO [main] flipkart:64 - Login pop-up closed
2020-03-03 12:05:50,464  INFO [main] flipkart:72 - clicked on TV & Applications category
2020-03-03 12:05:52,611  INFO [main] flipkart:35 - Properties file loaded
2020-03-03 12:05:59,066  INFO [main] flipkart:35 - Properties file loaded
2020-03-03 12:13:02,955  INFO [main] flipkart:35 - Properties file loaded
2020-03-03 12:13:09,847  INFO [main] flipkart:54 - Chrome Browser opened
2020-03-03 12:13:09,877  INFO [main] flipkart:35 - Properties file loaded
2020-03-03 12:13:09,877  INFO [main] flipkart:66 - Listener initialized
2020-03-03 12:13:12,374  INFO [main] flipkart:72 - Opening URL
2020-03-03 12:13:12,410  INFO [main] flipkart:35 - Properties file loaded
2020-03-03 12:13:12,559  INFO [main] flipkart:42 - Keyword Flipkart Entered
2020-03-03 12:13:30,110  INFO [main] flipkart:52 - Enter button Pressed
2020-03-03 12:13:31,825  INFO [main] flipkart:60 - Flipkart site opened
2020-03-03 12:13:31,825  INFO [main] flipkart:35 - Properties file loaded
2020-03-03 12:13:33,929  INFO [main] flipkart:64 - Login pop-up closed
2020-03-03 12:13:36,016  INFO [main] flipkart:72 - clicked on TV & Applications category
2020-03-03 12:13:38,153  INFO [main] flipkart:35 - Properties file loaded
2020-03-03 12:13:44,670  INFO [main] flipkart:35 - Properties file loaded
2020-05-22 15:57:43,967  INFO [main] flipkart:35 - Properties file loaded
2020-05-22 15:58:06,361  INFO [main] flipkart:54 - Chrome Browser opened
2020-05-22 15:58:06,528  INFO [main] flipkart:35 - Properties file loaded
2020-05-22 15:58:06,529  INFO [main] flipkart:66 - Listener initialized
2020-05-22 15:58:11,915  INFO [main] flipkart:72 - Opening URL
2020-05-22 15:58:11,969  INFO [main] flipkart:35 - Properties file loaded
2020-05-22 15:58:12,328  INFO [main] flipkart:42 - Keyword Flipkart Entered
2020-05-22 15:58:25,604  INFO [main] flipkart:52 - Enter button Pressed
2020-05-22 15:58:32,348  INFO [main] flipkart:60 - Flipkart site opened
2020-05-22 15:58:32,373  INFO [main] flipkart:35 - Properties file loaded
2020-05-22 15:58:34,551  INFO [main] flipkart:64 - Login pop-up closed
2020-05-22 15:58:36,672  INFO [main] flipkart:72 - clicked on TV & Applications category
2020-05-22 15:58:39,225  INFO [main] flipkart:35 - Properties file loaded
2020-05-22 15:58:45,944  INFO [main] flipkart:35 - Properties file loaded
